AugmentedEstate/Temp/gradleOut/launcher/build/outputs/logs/manifest-merger-release-report.txt
-- Merging decision tree log ---
manifest
ADDED from src\main\AndroidManifest.xml:3:1-6:12
INJECTED from src\main\AndroidManifest.xml:3:1-6:12
INJECTED from src\main\AndroidManifest.xml:3:1-6:12
INJECTED from src\main\AndroidManifest.xml:3:1-6:12
MERGED from [:unityLibrary] AndroidManifest.xml:3:1-58:12
MERGED from [:androidx.arch.core.core-runtime-2.0.0:] AndroidManifest.xml:17:1-22:12
MERGED from [:androidx.asynclayoutinflater.asynclayoutinflater-1.0.0:] AndroidManifest.xml:17:1-22:12
MERGED from [:androidx.coordinatorlayout.coordinatorlayout-1.0.0:] AndroidManifest.xml:17:1-22:12
MERGED from [:androidx.core.core-1.0.0:] AndroidManifest.xml:17:1-24:12
MERGED from [:androidx.cursoradapter.cursoradapter-1.0.0:] AndroidManifest.xml:17:1-22:12
MERGED from [:androidx.customview.customview-1.0.0:] AndroidManifest.xml:17:1-22:12
MERGED from [:androidx.documentfile.documentfile-1.0.0:] AndroidManifest.xml:17:1-22:12
MERGED from [:androidx.drawerlayout.drawerlayout-1.0.0:] AndroidManifest.xml:17:1-22:12
MERGED from [:androidx.fragment.fragment-1.0.0:] AndroidManifest.xml:17:1-22:12
MERGED from [:androidx.interpolator.interpolator-1.0.0:] AndroidManifest.xml:17:1-22:12
MERGED from [:androidx.legacy.legacy-support-core-ui-1.0.0:] AndroidManifest.xml:17:1-22:12
MERGED from [:androidx.legacy.legacy-support-core-utils-1.0.0:] AndroidManifest.xml:17:1-22:12
MERGED from [:androidx.lifecycle.lifecycle-livedata-2.0.0:] AndroidManifest.xml:17:1-22:12
MERGED from [:androidx.lifecycle.lifecycle-livedata-core-2.0.0:] AndroidManifest.xml:17:1-22:12
MERGED from [:androidx.lifecycle.lifecycle-runtime-2.0.0:] AndroidManifest.xml:17:1-22:12
MERGED from [:androidx.lifecycle.lifecycle-viewmodel-2.0.0:] AndroidManifest.xml:17:1-22:12
MERGED from [:androidx.loader.loader-1.0.0:] AndroidManifest.xml:17:1-22:12
MERGED from [:androidx.localbroadcastmanager.localbroadcastmanager-1.0.0:] AndroidManifest.xml:17:1-22:12
MERGED from [:androidx.print.print-1.0.0:] AndroidManifest.xml:17:1-22:12
MERGED from [:androidx.slidingpanelayout.slidingpanelayout-1.0.0:] AndroidManifest.xml:17:1-22:12
MERGED from [:androidx.swiperefreshlayout.swiperefreshlayout-1.0.0:] AndroidManifest.xml:17:1-22:12
MERGED from [:androidx.versionedparcelable.versionedparcelable-1.0.0:] AndroidManifest.xml:17:1-25:12
MERGED from [:androidx.viewpager.viewpager-1.0.0:] AndroidManifest.xml:17:1-22:12
MERGED from [:com.google.android.gms.play-services-ads-identifier-17.0.0:] AndroidManifest.xml:17:1-24:12
MERGED from [:com.google.android.gms.play-services-base-17.1.0:] AndroidManifest.xml:17:1-29:12
MERGED from [:com.google.android.gms.play-services-basement-17.0.0:] AndroidManifest.xml:17:1-28:12
MERGED from [:com.google.android.gms.play-services-measurement-17.2.2:] AndroidManifest.xml:17:1-55:12
MERGED from [:com.google.android.gms.play-services-measurement-api-17.2.2:] AndroidManifest.xml:17:1-36:12
MERGED from [:com.google.android.gms.play-services-measurement-base-17.2.2:] AndroidManifest.xml:2:1-9:12
MERGED from [:com.google.android.gms.play-services-measurement-impl-17.2.2:] AndroidManifest.xml:17:1-40:12
MERGED from [:com.google.android.gms.play-services-measurement-sdk-17.2.2:] AndroidManifest.xml:17:1-25:12
MERGED from [:com.google.android.gms.play-services-measurement-sdk-api-17.2.2:] AndroidManifest.xml:17:1-27:12
MERGED from [:com.google.android.gms.play-services-stats-17.0.0:] AndroidManifest.xml:2:1-9:12
MERGED from [:com.google.android.gms.play-services-tasks-17.0.0:] AndroidManifest.xml:2:1-9:12
MERGED from [:com.google.firebase.firebase-analytics-17.2.2:] AndroidManifest.xml:2:1-9:12
MERGED from [:com.google.firebase.firebase-analytics-unity-6.13.0:] AndroidManifest.xml:3:1-8:12
MERGED from [:com.google.firebase.firebase-app-unity-6.13.0:] AndroidManifest.xml:3:1-8:12
MERGED from [:com.google.firebase.firebase-auth-19.2.0:] AndroidManifest.xml:17:1-42:12
MERGED from [:com.google.firebase.firebase-auth-interop-19.0.0:] AndroidManifest.xml:2:1-10:12
MERGED from [:com.google.firebase.firebase-auth-unity-6.13.0:] AndroidManifest.xml:3:1-8:12
MERGED from [:com.google.firebase.firebase-common-19.3.0:] AndroidManifest.xml:15:1-23:12
MERGED from [:com.google.firebase.firebase-components-16.0.0:] AndroidManifest.xml:15:1-23:12
MERGED from [:com.google.firebase.firebase-database-19.2.1:] AndroidManifest.xml:15:1-38:12
MERGED from [:com.google.firebase.firebase-database-collection-17.0.0:] AndroidManifest.xml:2:1-7:12
MERGED from [:com.google.firebase.firebase-database-unity-6.13.0:] AndroidManifest.xml:3:1-8:12
MERGED from [:com.google.firebase.firebase-iid-20.0.2:] AndroidManifest.xml:17:1-47:12
MERGED from [:com.google.firebase.firebase-iid-interop-17.0.0:] AndroidManifest.xml:2:1-10:12
MERGED from [:com.google.firebase.firebase-measurement-connector-18.0.0:] AndroidManifest.xml:17:1-25:12
MERGED from [:com.google.firebase.firebase-storage-19.1.1:] AndroidManifest.xml:15:1-39:12
MERGED from [:com.google.firebase.firebase-storage-unity-6.13.0:] AndroidManifest.xml:3:1-8:12
MERGED from [:unityLibrary:Firebase] AndroidManifest.xml:10:1-19:12
INJECTED from src\main\AndroidManifest.xml:3:1-6:12
INJECTED from src\main\AndroidManifest.xml:3:1-6:12
INJECTED from src\main\AndroidManifest.xml:3:1-6:12
	package
		ADDED from src\main\AndroidManifest.xml:3:70-107
		INJECTED from src\main\AndroidManifest.xml
		INJECTED from src\main\AndroidManifest.xml
	android:versionName
		INJECTED from src\main\AndroidManifest.xml
		ADDED from src\main\AndroidManifest.xml:3:1-6:12
		INJECTED from src\main\AndroidManifest.xml
	xmlns:tools
		ADDED from src\main\AndroidManifest.xml:3:108-154
	android:versionCode
		INJECTED from src\main\AndroidManifest.xml
		ADDED from src\main\AndroidManifest.xml:3:1-6:12
		INJECTED from src\main\AndroidManifest.xml
	xmlns:android
		ADDED from src\main\AndroidManifest.xml:3:11-69
	android:installLocation
		ADDED from src\main\AndroidManifest.xml:3:155-195
supports-screens
ADDED from src\main\AndroidManifest.xml:4:3-163
	android:largeScreens
		ADDED from src\main\AndroidManifest.xml:4:78-105
	android:smallScreens
		ADDED from src\main\AndroidManifest.xml:4:21-48
	android:normalScreens
		ADDED from src\main\AndroidManifest.xml:4:49-77
	android:xlargeScreens
		ADDED from src\main\AndroidManifest.xml:4:106-134
	android:anyDensity
		ADDED from src\main\AndroidManifest.xml:4:135-160
application
ADDED from src\main\AndroidManifest.xml:5:3-83
MERGED from [:unityLibrary] AndroidManifest.xml:28:5-56:19
MERGED from [:unityLibrary] AndroidManifest.xml:28:5-56:19
MERGED from [:androidx.core.core-1.0.0:] AndroidManifest.xml:22:5-89
MERGED from [:androidx.core.core-1.0.0:] AndroidManifest.xml:22:5-89
MERGED from [:androidx.versionedparcelable.versionedparcelable-1.0.0:] AndroidManifest.xml:22:5-23:19
MERGED from [:androidx.versionedparcelable.versionedparcelable-1.0.0:] AndroidManifest.xml:22:5-23:19
MERGED from [:com.google.android.gms.play-services-ads-identifier-17.0.0:] AndroidManifest.xml:22:5-20
MERGED from [:com.google.android.gms.play-services-ads-identifier-17.0.0:] AndroidManifest.xml:22:5-20
MERGED from [:com.google.android.gms.play-services-base-17.1.0:] AndroidManifest.xml:22:5-27:19
MERGED from [:com.google.android.gms.play-services-base-17.1.0:] AndroidManifest.xml:22:5-27:19
MERGED from [:com.google.android.gms.play-services-basement-17.0.0:] AndroidManifest.xml:22:5-26:19
MERGED from [:com.google.android.gms.play-services-basement-17.0.0:] AndroidManifest.xml:22:5-26:19
MERGED from [:com.google.android.gms.play-services-measurement-17.2.2:] AndroidManifest.xml:28:5-53:19
MERGED from [:com.google.android.gms.play-services-measurement-17.2.2:] AndroidManifest.xml:28:5-53:19
MERGED from [:com.google.android.gms.play-services-measurement-api-17.2.2:] AndroidManifest.xml:26:5-34:19
MERGED from [:com.google.android.gms.play-services-measurement-api-17.2.2:] AndroidManifest.xml:26:5-34:19
MERGED from [:com.google.android.gms.play-services-measurement-base-17.2.2:] AndroidManifest.xml:7:5-20
MERGED from [:com.google.android.gms.play-services-measurement-base-17.2.2:] AndroidManifest.xml:7:5-20
MERGED from [:com.google.android.gms.play-services-measurement-impl-17.2.2:] AndroidManifest.xml:28:5-38:19
MERGED from [:com.google.android.gms.play-services-measurement-impl-17.2.2:] AndroidManifest.xml:28:5-38:19
MERGED from [:com.google.android.gms.play-services-measurement-sdk-17.2.2:] AndroidManifest.xml:22:5-23:19
MERGED from [:com.google.android.gms.play-services-measurement-sdk-17.2.2:] AndroidManifest.xml:22:5-23:19
MERGED from [:com.google.android.gms.play-services-stats-17.0.0:] AndroidManifest.xml:7:5-20
MERGED from [:com.google.android.gms.play-services-stats-17.0.0:] AndroidManifest.xml:7:5-20
MERGED from [:com.google.android.gms.play-services-tasks-17.0.0:] AndroidManifest.xml:7:5-20
MERGED from [:com.google.android.gms.play-services-tasks-17.0.0:] AndroidManifest.xml:7:5-20
MERGED from [:com.google.firebase.firebase-analytics-17.2.2:] AndroidManifest.xml:7:5-20
MERGED from [:com.google.firebase.firebase-analytics-17.2.2:] AndroidManifest.xml:7:5-20
MERGED from [:com.google.firebase.firebase-auth-19.2.0:] AndroidManifest.xml:23:5-40:19
MERGED from [:com.google.firebase.firebase-auth-19.2.0:] AndroidManifest.xml:23:5-40:19
MERGED from [:com.google.firebase.firebase-auth-interop-19.0.0:] AndroidManifest.xml:7:5-8:19
MERGED from [:com.google.firebase.firebase-auth-interop-19.0.0:] AndroidManifest.xml:7:5-8:19
MERGED from [:com.google.firebase.firebase-common-19.3.0:] AndroidManifest.xml:19:3-22:17
MERGED from [:com.google.firebase.firebase-common-19.3.0:] AndroidManifest.xml:19:3-22:17
MERGED from [:com.google.firebase.firebase-database-19.2.1:] AndroidManifest.xml:28:5-36:19
MERGED from [:com.google.firebase.firebase-database-19.2.1:] AndroidManifest.xml:28:5-36:19
MERGED from [:com.google.firebase.firebase-iid-20.0.2:] AndroidManifest.xml:28:5-45:19
MERGED from [:com.google.firebase.firebase-iid-20.0.2:] AndroidManifest.xml:28:5-45:19
MERGED from [:com.google.firebase.firebase-iid-interop-17.0.0:] AndroidManifest.xml:7:5-8:19
MERGED from [:com.google.firebase.firebase-iid-interop-17.0.0:] AndroidManifest.xml:7:5-8:19
MERGED from [:com.google.firebase.firebase-measurement-connector-18.0.0:] AndroidManifest.xml:22:5-23:19
MERGED from [:com.google.firebase.firebase-measurement-connector-18.0.0:] AndroidManifest.xml:22:5-23:19
MERGED from [:com.google.firebase.firebase-storage-19.1.1:] AndroidManifest.xml:29:5-37:19
MERGED from [:com.google.firebase.firebase-storage-19.1.1:] AndroidManifest.xml:29:5-37:19
	android:appComponentFactory
		ADDED from [:androidx.core.core-1.0.0:] AndroidManifest.xml:22:18-86
	android:label
		ADDED from src\main\AndroidManifest.xml:5:16-48
	android:icon
		ADDED from src\main\AndroidManifest.xml:5:49-80
uses-sdk
INJECTED from src\main\AndroidManifest.xml reason: use-sdk injection requested
INJECTED from src\main\AndroidManifest.xml
INJECTED from src\main\AndroidManifest.xml
MERGED from [:unityLibrary] AndroidManifest.xml:9:5-11:41
MERGED from [:unityLibrary] AndroidManifest.xml:9:5-11:41
MERGED from [:androidx.arch.core.core-runtime-2.0.0:] AndroidManifest.xml:20:5-44
MERGED from [:androidx.arch.core.core-runtime-2.0.0:] AndroidManifest.xml:20:5-44
MERGED from [:androidx.asynclayoutinflater.asynclayoutinflater-1.0.0:] AndroidManifest.xml:20:5-44
MERGED from [:androidx.asynclayoutinflater.asynclayoutinflater-1.0.0:] AndroidManifest.xml:20:5-44
MERGED from [:androidx.coordinatorlayout.coordinatorlayout-1.0.0:] AndroidManifest.xml:20:5-44
MERGED from [:androidx.coordinatorlayout.coordinatorlayout-1.0.0:] AndroidManifest.xml:20:5-44
MERGED from [:androidx.core.core-1.0.0:] AndroidManifest.xml:20:5-44
MERGED from [:androidx.core.core-1.0.0:] AndroidManifest.xml:20:5-44
MERGED from [:androidx.cursoradapter.cursoradapter-1.0.0:] AndroidManifest.xml:20:5-44
MERGED from [:androidx.cursoradapter.cursoradapter-1.0.0:] AndroidManifest.xml:20:5-44
MERGED from [:androidx.customview.customview-1.0.0:] AndroidManifest.xml:20:5-44
MERGED from [:androidx.customview.customview-1.0.0:] AndroidManifest.xml:20:5-44
MERGED from [:androidx.documentfile.documentfile-1.0.0:] AndroidManifest.xml:20:5-44
MERGED from [:androidx.documentfile.documentfile-1.0.0:] AndroidManifest.xml:20:5-44
MERGED from [:androidx.drawerlayout.drawerlayout-1.0.0:] AndroidManifest.xml:20:5-44
MERGED from [:androidx.drawerlayout.drawerlayout-1.0.0:] AndroidManifest.xml:20:5-44
MERGED from [:androidx.fragment.fragment-1.0.0:] AndroidManifest.xml:20:5-44
MERGED from [:androidx.fragment.fragment-1.0.0:] AndroidManifest.xml:20:5-44
MERGED from [:androidx.interpolator.interpolator-1.0.0:] AndroidManifest.xml:20:5-44
MERGED from [:androidx.interpolator.interpolator-1.0.0:] AndroidManifest.xml:20:5-44
MERGED from [:androidx.legacy.legacy-support-core-ui-1.0.0:] AndroidManifest.xml:20:5-44
MERGED from [:androidx.legacy.legacy-support-core-ui-1.0.0:] AndroidManifest.xml:20:5-44
MERGED from [:androidx.legacy.legacy-support-core-utils-1.0.0:] AndroidManifest.xml:20:5-44
MERGED from [:androidx.legacy.legacy-support-core-utils-1.0.0:] AndroidManifest.xml:20:5-44
MERGED from [:androidx.lifecycle.lifecycle-livedata-2.0.0:] AndroidManifest.xml:20:5-44
MERGED from [:androidx.lifecycle.lifecycle-livedata-2.0.0:] AndroidManifest.xml:20:5-44
MERGED from [:androidx.lifecycle.lifecycle-livedata-core-2.0.0:] AndroidManifest.xml:20:5-44
MERGED from [:androidx.lifecycle.lifecycle-livedata-core-2.0.0:] AndroidManifest.xml:20:5-44
MERGED from [:androidx.lifecycle.lifecycle-runtime-2.0.0:] AndroidManifest.xml:20:5-44
MERGED from [:androidx.lifecycle.lifecycle-runtime-2.0.0:] AndroidManifest.xml:20:5-44
MERGED from [:androidx.lifecycle.lifecycle-viewmodel-2.0.0:] AndroidManifest.xml:20:5-44
MERGED from [:androidx.lifecycle.lifecycle-viewmodel-2.0.0:] AndroidManifest.xml:20:5-44
MERGED from [:androidx.loader.loader-1.0.0:] AndroidManifest.xml:20:5-44
MERGED from [:androidx.loader.loader-1.0.0:] AndroidManifest.xml:20:5-44
MERGED from [:androidx.localbroadcastmanager.localbroadcastmanager-1.0.0:] AndroidManifest.xml:20:5-44
MERGED from [:androidx.localbroadcastmanager.localbroadcastmanager-1.0.0:] AndroidManifest.xml:20:5-44
MERGED from [:androidx.print.print-1.0.0:] AndroidManifest.xml:20:5-44
MERGED from [:androidx.print.print-1.0.0:] AndroidManifest.xml:20:5-44
MERGED from [:androidx.slidingpanelayout.slidingpanelayout-1.0.0:] AndroidManifest.xml:20:5-44
MERGED from [:androidx.slidingpanelayout.slidingpanelayout-1.0.0:] AndroidManifest.xml:20:5-44
MERGED from [:androidx.swiperefreshlayout.swiperefreshlayout-1.0.0:] AndroidManifest.xml:20:5-44
MERGED from [:androidx.swiperefreshlayout.swiperefreshlayout-1.0.0:] AndroidManifest.xml:20:5-44
MERGED from [:androidx.versionedparcelable.versionedparcelable-1.0.0:] AndroidManifest.xml:20:5-44
MERGED from [:androidx.versionedparcelable.versionedparcelable-1.0.0:] AndroidManifest.xml:20:5-44
MERGED from [:androidx.viewpager.viewpager-1.0.0:] AndroidManifest.xml:20:5-44
MERGED from [:androidx.viewpager.viewpager-1.0.0:] AndroidManifest.xml:20:5-44
MERGED from [:com.google.android.gms.play-services-ads-identifier-17.0.0:] AndroidManifest.xml:20:5-44
MERGED from [:com.google.android.gms.play-services-ads-identifier-17.0.0:] AndroidManifest.xml:20:5-44
MERGED from [:com.google.android.gms.play-services-base-17.1.0:] AndroidManifest.xml:20:5-44
MERGED from [:com.google.android.gms.play-services-base-17.1.0:] AndroidManifest.xml:20:5-44
MERGED from [:com.google.android.gms.play-services-basement-17.0.0:] AndroidManifest.xml:20:5-44
MERGED from [:com.google.android.gms.play-services-basement-17.0.0:] AndroidManifest.xml:20:5-44
MERGED from [:com.google.android.gms.play-services-measurement-17.2.2:] AndroidManifest.xml:20:5-44
MERGED from [:com.google.android.gms.play-services-measurement-17.2.2:] AndroidManifest.xml:20:5-44
MERGED from [:com.google.android.gms.play-services-measurement-api-17.2.2:] AndroidManifest.xml:20:5-44
MERGED from [:com.google.android.gms.play-services-measurement-api-17.2.2:] AndroidManifest.xml:20:5-44
MERGED from [:com.google.android.gms.play-services-measurement-base-17.2.2:] AndroidManifest.xml:5:5-44
MERGED from [:com.google.android.gms.play-services-measurement-base-17.2.2:] AndroidManifest.xml:5:5-44
MERGED from [:com.google.android.gms.play-services-measurement-impl-17.2.2:] AndroidManifest.xml:20:5-44
MERGED from [:com.google.android.gms.play-services-measurement-impl-17.2.2:] AndroidManifest.xml:20:5-44
MERGED from [:com.google.android.gms.play-services-measurement-sdk-17.2.2:] AndroidManifest.xml:20:5-44
MERGED from [:com.google.android.gms.play-services-measurement-sdk-17.2.2:] AndroidManifest.xml:20:5-44
MERGED from [:com.google.android.gms.play-services-measurement-sdk-api-17.2.2:] AndroidManifest.xml:20:5-44
MERGED from [:com.google.android.gms.play-services-measurement-sdk-api-17.2.2:] AndroidManifest.xml:20:5-44
MERGED from [:com.google.android.gms.play-services-stats-17.0.0:] AndroidManifest.xml:5:5-44
MERGED from [:com.google.android.gms.play-services-stats-17.0.0:] AndroidManifest.xml:5:5-44
MERGED from [:com.google.android.gms.play-services-tasks-17.0.0:] AndroidManifest.xml:5:5-44
MERGED from [:com.google.android.gms.play-services-tasks-17.0.0:] AndroidManifest.xml:5:5-44
MERGED from [:com.google.firebase.firebase-analytics-17.2.2:] AndroidManifest.xml:5:5-44
MERGED from [:com.google.firebase.firebase-analytics-17.2.2:] AndroidManifest.xml:5:5-44
MERGED from [:com.google.firebase.firebase-analytics-unity-6.13.0:] AndroidManifest.xml:7:3-41
MERGED from [:com.google.firebase.firebase-analytics-unity-6.13.0:] AndroidManifest.xml:7:3-41
MERGED from [:com.google.firebase.firebase-app-unity-6.13.0:] AndroidManifest.xml:7:3-41
MERGED from [:com.google.firebase.firebase-app-unity-6.13.0:] AndroidManifest.xml:7:3-41
MERGED from [:com.google.firebase.firebase-auth-19.2.0:] AndroidManifest.xml:21:5-44
MERGED from [:com.google.firebase.firebase-auth-19.2.0:] AndroidManifest.xml:21:5-44
MERGED from [:com.google.firebase.firebase-auth-interop-19.0.0:] AndroidManifest.xml:5:5-44
MERGED from [:com.google.firebase.firebase-auth-interop-19.0.0:] AndroidManifest.xml:5:5-44
MERGED from [:com.google.firebase.firebase-auth-unity-6.13.0:] AndroidManifest.xml:7:3-41
MERGED from [:com.google.firebase.firebase-auth-unity-6.13.0:] AndroidManifest.xml:7:3-41
MERGED from [:com.google.firebase.firebase-common-19.3.0:] AndroidManifest.xml:16:3-72
MERGED from [:com.google.firebase.firebase-common-19.3.0:] AndroidManifest.xml:16:3-72
MERGED from [:com.google.firebase.firebase-components-16.0.0:] AndroidManifest.xml:19:5-21:41
MERGED from [:com.google.firebase.firebase-components-16.0.0:] AndroidManifest.xml:19:5-21:41
MERGED from [:com.google.firebase.firebase-database-19.2.1:] AndroidManifest.xml:19:5-21:41
MERGED from [:com.google.firebase.firebase-database-19.2.1:] AndroidManifest.xml:19:5-21:41
MERGED from [:com.google.firebase.firebase-database-collection-17.0.0:] AndroidManifest.xml:5:5-44
MERGED from [:com.google.firebase.firebase-database-collection-17.0.0:] AndroidManifest.xml:5:5-44
MERGED from [:com.google.firebase.firebase-database-unity-6.13.0:] AndroidManifest.xml:7:3-41
MERGED from [:com.google.firebase.firebase-database-unity-6.13.0:] AndroidManifest.xml:7:3-41
MERGED from [:com.google.firebase.firebase-iid-20.0.2:] AndroidManifest.xml:20:5-44
MERGED from [:com.google.firebase.firebase-iid-20.0.2:] AndroidManifest.xml:20:5-44
MERGED from [:com.google.firebase.firebase-iid-interop-17.0.0:] AndroidManifest.xml:5:5-44
MERGED from [:com.google.firebase.firebase-iid-interop-17.0.0:] AndroidManifest.xml:5:5-44
MERGED from [:com.google.firebase.firebase-measurement-connector-18.0.0:] AndroidManifest.xml:20:5-44
MERGED from [:com.google.firebase.firebase-measurement-connector-18.0.0:] AndroidManifest.xml:20:5-44
MERGED from [:com.google.firebase.firebase-storage-19.1.1:] AndroidManifest.xml:20:5-22:41
MERGED from [:com.google.firebase.firebase-storage-19.1.1:] AndroidManifest.xml:20:5-22:41
MERGED from [:com.google.firebase.firebase-storage-unity-6.13.0:] AndroidManifest.xml:7:3-41
MERGED from [:com.google.firebase.firebase-storage-unity-6.13.0:] AndroidManifest.xml:7:3-41
MERGED from [:unityLibrary:Firebase] AndroidManifest.xml:15:5-17:40
MERGED from [:unityLibrary:Firebase] AndroidManifest.xml:15:5-17:40
INJECTED from src\main\AndroidManifest.xml
INJECTED from src\main\AndroidManifest.xml
	android:targetSdkVersion
		INJECTED from src\main\AndroidManifest.xml
		ADDED from src\main\AndroidManifest.xml
		INJECTED from src\main\AndroidManifest.xml
	android:minSdkVersion
		INJECTED from src\main\AndroidManifest.xml
		ADDED from src\main\AndroidManifest.xml
		INJECTED from src\main\AndroidManifest.xml
uses-feature#0x00020000
ADDED from [:unityLibrary] AndroidManifest.xml:13:5-54
	android:glEsVersion
		ADDED from [:unityLibrary] AndroidManifest.xml:13:19-51
uses-permission#android.permission.INTERNET
ADDED from [:unityLibrary] AndroidManifest.xml:15:5-67
MERGED from [:com.google.android.gms.play-services-measurement-17.2.2:] AndroidManifest.xml:23:5-67
MERGED from [:com.google.android.gms.play-services-measurement-17.2.2:] AndroidManifest.xml:23:5-67
MERGED from [:com.google.android.gms.play-services-measurement-api-17.2.2:] AndroidManifest.xml:22:5-67
MERGED from [:com.google.android.gms.play-services-measurement-api-17.2.2:] AndroidManifest.xml:22:5-67
MERGED from [:com.google.android.gms.play-services-measurement-impl-17.2.2:] AndroidManifest.xml:23:5-67
MERGED from [:com.google.android.gms.play-services-measurement-impl-17.2.2:] AndroidManifest.xml:23:5-67
MERGED from [:com.google.android.gms.play-services-measurement-sdk-api-17.2.2:] AndroidManifest.xml:23:5-67
MERGED from [:com.google.android.gms.play-services-measurement-sdk-api-17.2.2:] AndroidManifest.xml:23:5-67
MERGED from [:com.google.firebase.firebase-database-19.2.1:] AndroidManifest.xml:26:5-67
MERGED from [:com.google.firebase.firebase-database-19.2.1:] AndroidManifest.xml:26:5-67
MERGED from [:com.google.firebase.firebase-iid-20.0.2:] AndroidManifest.xml:23:5-67
MERGED from [:com.google.firebase.firebase-iid-20.0.2:] AndroidManifest.xml:23:5-67
MERGED from [:com.google.firebase.firebase-storage-19.1.1:] AndroidManifest.xml:27:5-67
MERGED from [:com.google.firebase.firebase-storage-19.1.1:] AndroidManifest.xml:27:5-67
	android:name
		ADDED from [:unityLibrary] AndroidManifest.xml:15:22-64
uses-permission#android.permission.WRITE_EXTERNAL_STORAGE
ADDED from [:unityLibrary] AndroidManifest.xml:16:5-81
	android:name
		ADDED from [:unityLibrary] AndroidManifest.xml:16:22-78
uses-feature#android.hardware.touchscreen
ADDED from [:unityLibrary] AndroidManifest.xml:18:5-20:36
	android:required
		ADDED from [:unityLibrary] AndroidManifest.xml:20:9-33
	android:name
		ADDED from [:unityLibrary] AndroidManifest.xml:19:9-52
uses-feature#android.hardware.touchscreen.multitouch
ADDED from [:unityLibrary] AndroidManifest.xml:21:5-23:36
	android:required
		ADDED from [:unityLibrary] AndroidManifest.xml:23:9-33
	android:name
		ADDED from [:unityLibrary] AndroidManifest.xml:22:9-63
uses-feature#android.hardware.touchscreen.multitouch.distinct
ADDED from [:unityLibrary] AndroidManifest.xml:24:5-26:36
	android:required
		ADDED from [:unityLibrary] AndroidManifest.xml:26:9-33
	android:name
		ADDED from [:unityLibrary] AndroidManifest.xml:25:9-72
activity#com.unity3d.player.UnityPlayerActivity
ADDED from [:unityLibrary] AndroidManifest.xml:29:9-45:20
	android:screenOrientation
		ADDED from [:unityLibrary] AndroidManifest.xml:34:13-49
	android:launchMode
		ADDED from [:unityLibrary] AndroidManifest.xml:33:13-44
	android:hardwareAccelerated
		ADDED from [:unityLibrary] AndroidManifest.xml:32:13-48
	android:configChanges
		ADDED from [:unityLibrary] AndroidManifest.xml:31:13-194
	android:theme
		ADDED from [:unityLibrary] AndroidManifest.xml:35:13-54
	android:name
		ADDED from [:unityLibrary] AndroidManifest.xml:30:13-66
intent-filter#action:name:android.intent.action.MAIN+category:name:android.intent.category.LAUNCHER
ADDED from [:unityLibrary] AndroidManifest.xml:36:13-40:29
action#android.intent.action.MAIN
ADDED from [:unityLibrary] AndroidManifest.xml:37:17-69
	android:name
		ADDED from [:unityLibrary] AndroidManifest.xml:37:25-66
category#android.intent.category.LAUNCHER
ADDED from [:unityLibrary] AndroidManifest.xml:39:17-77
	android:name
		ADDED from [:unityLibrary] AndroidManifest.xml:39:27-74
meta-data#unityplayer.UnityActivity
ADDED from [:unityLibrary] AndroidManifest.xml:42:13-44:40
	android:value
		ADDED from [:unityLibrary] AndroidManifest.xml:44:17-37
	android:name
		ADDED from [:unityLibrary] AndroidManifest.xml:43:17-57
meta-data#unity.splash-mode
ADDED from [:unityLibrary] AndroidManifest.xml:47:9-49:33
	android:value
		ADDED from [:unityLibrary] AndroidManifest.xml:49:13-30
	android:name
		ADDED from [:unityLibrary] AndroidManifest.xml:48:13-45
meta-data#unity.splash-enable
ADDED from [:unityLibrary] AndroidManifest.xml:50:9-52:36
	android:value
		ADDED from [:unityLibrary] AndroidManifest.xml:52:13-33
	android:name
		ADDED from [:unityLibrary] AndroidManifest.xml:51:13-47
meta-data#unity.build-id
ADDED from [:unityLibrary] AndroidManifest.xml:53:9-55:68
	android:value
		ADDED from [:unityLibrary] AndroidManifest.xml:55:13-65
	android:name
		ADDED from [:unityLibrary] AndroidManifest.xml:54:13-42
activity#com.google.android.gms.common.api.GoogleApiActivity
ADDED from [:com.google.android.gms.play-services-base-17.1.0:] AndroidManifest.xml:23:9-26:75
	android:exported
		ADDED from [:com.google.android.gms.play-services-base-17.1.0:] AndroidManifest.xml:25:13-37
	android:theme
		ADDED from [:com.google.android.gms.play-services-base-17.1.0:] AndroidManifest.xml:26:13-72
	android:name
		ADDED from [:com.google.android.gms.play-services-base-17.1.0:] AndroidManifest.xml:24:13-79
meta-data#com.google.android.gms.version
ADDED from [:com.google.android.gms.play-services-basement-17.0.0:] AndroidManifest.xml:23:9-25:69
	android:value
		ADDED from [:com.google.android.gms.play-services-basement-17.0.0:] AndroidManifest.xml:25:13-66
	android:name
		ADDED from [:com.google.android.gms.play-services-basement-17.0.0:] AndroidManifest.xml:24:13-58
uses-permission#android.permission.ACCESS_NETWORK_STATE
ADDED from [:com.google.android.gms.play-services-measurement-17.2.2:] AndroidManifest.xml:24:5-79
MERGED from [:com.google.android.gms.play-services-measurement-api-17.2.2:] AndroidManifest.xml:23:5-79
MERGED from [:com.google.android.gms.play-services-measurement-api-17.2.2:] AndroidManifest.xml:23:5-79
MERGED from [:com.google.android.gms.play-services-measurement-impl-17.2.2:] AndroidManifest.xml:24:5-79
MERGED from [:com.google.android.gms.play-services-measurement-impl-17.2.2:] AndroidManifest.xml:24:5-79
MERGED from [:com.google.android.gms.play-services-measurement-sdk-api-17.2.2:] AndroidManifest.xml:24:5-79
MERGED from [:com.google.android.gms.play-services-measurement-sdk-api-17.2.2:] AndroidManifest.xml:24:5-79
MERGED from [:com.google.firebase.firebase-database-19.2.1:] AndroidManifest.xml:25:5-79
MERGED from [:com.google.firebase.firebase-database-19.2.1:] AndroidManifest.xml:25:5-79
MERGED from [:com.google.firebase.firebase-iid-20.0.2:] AndroidManifest.xml:22:5-79
MERGED from [:com.google.firebase.firebase-iid-20.0.2:] AndroidManifest.xml:22:5-79
MERGED from [:com.google.firebase.firebase-storage-19.1.1:] AndroidManifest.xml:26:5-79
MERGED from [:com.google.firebase.firebase-storage-19.1.1:] AndroidManifest.xml:26:5-79
	android:name
		ADDED from [:com.google.android.gms.play-services-measurement-17.2.2:] AndroidManifest.xml:24:22-76
uses-permission#android.permission.WAKE_LOCK
ADDED from [:com.google.android.gms.play-services-measurement-17.2.2:] AndroidManifest.xml:25:5-68
MERGED from [:com.google.android.gms.play-services-measurement-api-17.2.2:] AndroidManifest.xml:24:5-68
MERGED from [:com.google.android.gms.play-services-measurement-api-17.2.2:] AndroidManifest.xml:24:5-68
MERGED from [:com.google.android.gms.play-services-measurement-impl-17.2.2:] AndroidManifest.xml:25:5-68
MERGED from [:com.google.android.gms.play-services-measurement-impl-17.2.2:] AndroidManifest.xml:25:5-68
MERGED from [:com.google.android.gms.play-services-measurement-sdk-api-17.2.2:] AndroidManifest.xml:25:5-68
MERGED from [:com.google.android.gms.play-services-measurement-sdk-api-17.2.2:] AndroidManifest.xml:25:5-68
MERGED from [:com.google.firebase.firebase-iid-20.0.2:] AndroidManifest.xml:24:5-68
MERGED from [:com.google.firebase.firebase-iid-20.0.2:] AndroidManifest.xml:24:5-68
	android:name
		ADDED from [:com.google.android.gms.play-services-measurement-17.2.2:] AndroidManifest.xml:25:22-65
uses-permission#com.google.android.finsky.permission.BIND_GET_INSTALL_REFERRER_SERVICE
ADDED from [:com.google.android.gms.play-services-measurement-17.2.2:] AndroidManifest.xml:26:5-110
MERGED from [:com.google.android.gms.play-services-measurement-impl-17.2.2:] AndroidManifest.xml:26:5-110
MERGED from [:com.google.android.gms.play-services-measurement-impl-17.2.2:] AndroidManifest.xml:26:5-110
	android:name
		ADDED from [:com.google.android.gms.play-services-measurement-17.2.2:] AndroidManifest.xml:26:22-107
receiver#com.google.android.gms.measurement.AppMeasurementReceiver
ADDED from [:com.google.android.gms.play-services-measurement-17.2.2:] AndroidManifest.xml:29:9-33:20
	android:enabled
		ADDED from [:com.google.android.gms.play-services-measurement-17.2.2:] AndroidManifest.xml:31:13-35
	android:exported
		ADDED from [:com.google.android.gms.play-services-measurement-17.2.2:] AndroidManifest.xml:32:13-37
	android:name
		ADDED from [:com.google.android.gms.play-services-measurement-17.2.2:] AndroidManifest.xml:30:13-85
receiver#com.google.android.gms.measurement.AppMeasurementInstallReferrerReceiver
ADDED from [:com.google.android.gms.play-services-measurement-17.2.2:] AndroidManifest.xml:34:9-42:20